\BOOKMARK [0][-]{chapter.1}{\376\377\000A\000b\000s\000t\000r\000a\000c\000t}{}% 1
\BOOKMARK [0][-]{chapter.2}{\376\377\000I\000n\000t\000r\000o\000d\000u\000c\000t\000i\000o\000n}{}% 2
\BOOKMARK [0][-]{chapter.3}{\376\377\000M\000a\000c\000h\000i\000n\000e\000\040\000L\000e\000a\000r\000n\000i\000n\000g\000\040\000T\000h\000e\000o\000r\000y}{}% 3
\BOOKMARK [1][-]{section.3.1}{\376\377\000S\000t\000a\000t\000i\000s\000t\000i\000c\000a\000l\000\040\000L\000e\000a\000r\000n\000i\000n\000g\000\040\000T\000h\000e\000o\000r\000y}{chapter.3}% 4
\BOOKMARK [1][-]{section.3.2}{\376\377\000S\000u\000p\000e\000r\000v\000i\000s\000e\000d\000\040\000L\000e\000a\000r\000n\000i\000n\000g}{chapter.3}% 5
\BOOKMARK [1][-]{section.3.3}{\376\377\000N\000o\000t\000a\000t\000i\000o\000n\000:}{chapter.3}% 6
\BOOKMARK [0][-]{chapter.4}{\376\377\000H\000o\000u\000s\000i\000n\000g\000\040\000P\000r\000i\000c\000e\000s\000\040\000A\000n\000a\000l\000y\000s\000i\000s}{}% 7
\BOOKMARK [1][-]{section.4.1}{\376\377\000H\000e\000a\000d\000i\000n\000g\000s}{chapter.4}% 8
\BOOKMARK [0][-]{chapter.5}{\376\377\000P\000a\000r\000t\000i\000c\000l\000e\000\040\000P\000h\000y\000s\000i\000c\000s\000\040\000a\000n\000d\000\040\000L\000E\000P}{}% 9
\BOOKMARK [1][-]{section.5.1}{\376\377\000P\000a\000g\000e\000\040\000L\000a\000y\000o\000u\000t}{chapter.5}% 10
\BOOKMARK [0][-]{chapter.6}{\376\377\000Q\000u\000a\000r\000k\000\040\000G\000l\000u\000o\000n\000\040\000A\000n\000a\000l\000y\000s\000i\000s}{}% 11
\BOOKMARK [1][-]{section.6.1}{\376\377\000S\000i\000d\000e\000n\000o\000t\000e\000s}{chapter.6}% 12
\BOOKMARK [1][-]{section.6.2}{\376\377\000R\000e\000f\000e\000r\000e\000n\000c\000e\000s}{chapter.6}% 13
\BOOKMARK [1][-]{section.6.3}{\376\377\000F\000i\000g\000u\000r\000e\000s\000\040\000a\000n\000d\000\040\000T\000a\000b\000l\000e\000s}{chapter.6}% 14
\BOOKMARK [1][-]{section.6.4}{\376\377\000C\000a\000p\000t\000i\000o\000n\000s}{chapter.6}% 15
\BOOKMARK [1][-]{section.6.5}{\376\377\000F\000u\000l\000l\000-\000w\000i\000d\000t\000h\000\040\000t\000e\000x\000t\000\040\000b\000l\000o\000c\000k\000s}{chapter.6}% 16
\BOOKMARK [1][-]{section.6.6}{\376\377\000T\000y\000p\000o\000g\000r\000a\000p\000h\000y}{chapter.6}% 17
\BOOKMARK [1][-]{section.6.7}{\376\377\000D\000o\000c\000u\000m\000e\000n\000t\000\040\000C\000l\000a\000s\000s\000\040\000O\000p\000t\000i\000o\000n\000s}{chapter.6}% 18
\BOOKMARK [0][-]{chapter.7}{\376\377\000D\000i\000s\000c\000u\000s\000s\000i\000o\000n\000\040\000a\000n\000d\000\040\000O\000u\000t\000l\000o\000o\000k}{}% 19
\BOOKMARK [1][-]{section.7.1}{\376\377\000F\000i\000l\000e\000\040\000H\000o\000o\000k\000s}{chapter.7}% 20
\BOOKMARK [0][-]{chapter.8}{\376\377\000C\000o\000n\000c\000l\000u\000s\000i\000o\000n}{}% 21
\BOOKMARK [1][-]{section.8.1}{\376\377\000T\000u\000f\000t\000e\000-\000L\000a\000T\000e\000X\000\040\000W\000e\000b\000s\000i\000t\000e}{chapter.8}% 22
\BOOKMARK [1][-]{section.8.2}{\376\377\000T\000u\000f\000t\000e\000-\000L\000a\000T\000e\000X\000\040\000M\000a\000i\000l\000i\000n\000g\000\040\000L\000i\000s\000t\000s}{chapter.8}% 23
\BOOKMARK [1][-]{section.8.3}{\376\377\000G\000e\000t\000t\000i\000n\000g\000\040\000H\000e\000l\000p}{chapter.8}% 24
\BOOKMARK [1][-]{section.8.4}{\376\377\000E\000r\000r\000o\000r\000s\000,\000\040\000W\000a\000r\000n\000i\000n\000g\000s\000,\000\040\000a\000n\000d\000\040\000I\000n\000f\000o\000r\000m\000a\000t\000i\000o\000n\000a\000l\000\040\000M\000e\000s\000s\000a\000g\000e\000s}{chapter.8}% 25
\BOOKMARK [1][-]{section.8.5}{\376\377\000P\000a\000c\000k\000a\000g\000e\000\040\000D\000e\000p\000e\000n\000d\000e\000n\000c\000i\000e\000s}{chapter.8}% 26
\BOOKMARK [0][-]{chapter*.9}{\376\377\000B\000i\000b\000l\000i\000o\000g\000r\000a\000p\000h\000y}{}% 27
\BOOKMARK [0][-]{chapter*.10}{\376\377\000I\000n\000d\000e\000x}{}% 28
