\BOOKMARK [0][-]{chapter*.1}{\376\377\000A\000b\000s\000t\000r\000a\000c\000t}{}% 1
\BOOKMARK [0][-]{section*.2}{\376\377\000T\000a\000b\000l\000e\000\040\000o\000f\000\040\000C\000o\000n\000t\000e\000n\000t\000s}{}% 2
\BOOKMARK [-1][-]{chapter*.4}{\376\377\000P\000a\000r\000t\000\040\000I}{}% 5
\BOOKMARK [-1][-]{chapter*.5}{\376\377\000P\000a\000r\000t\000\040\000I\000I}{}% 26
\BOOKMARK [0][-]{appendix.B}{\376\377\000Q\000u\000a\000r\000k\000s\000\040\000v\000s\000.\000\040\000G\000l\000u\000o\000n\000s\000\040\000A\000p\000p\000e\000n\000d\000i\000x}{chapter*.5}% 59
\BOOKMARK [1][-]{section.B.1}{\376\377\000F\000r\000a\000c\000t\000i\000o\000n\000\040\000o\000f\000\040\000D\000i\000f\000f\000e\000r\000e\000n\000t\000\040\000T\000y\000p\000e\000s\000\040\000o\000f\000\040\000J\000e\000t\000s}{appendix.B}% 60
\BOOKMARK [1][-]{section.B.2}{\376\377\000R\000a\000n\000d\000o\000m\000\040\000S\000e\000a\000r\000c\000h\000\040\000P\000D\000F\000s\000\040\000f\000o\000r\000\040\000X\000G\000B}{appendix.B}% 61
\BOOKMARK [1][-]{section.B.3}{\376\377\000U\000M\000A\000P\000\040\000P\000a\000r\000a\000m\000e\000t\000e\000r\000s\000\040\000C\000o\000m\000p\000a\000r\000i\000s\000o\000n}{appendix.B}% 62
\BOOKMARK [1][-]{section.B.4}{\376\377\000t\000-\000S\000N\000E\000\040\000P\000a\000r\000a\000m\000e\000t\000e\000r\000s\000\040\000C\000o\000m\000p\000a\000r\000i\000s\000o\000n}{appendix.B}% 63
\BOOKMARK [1][-]{section.B.5}{\376\377\000H\000P\000O\000\040\000r\000e\000s\000u\000l\000t\000s\000\040\000f\000o\000r\000\040\0003\000-\000j\000e\000t\000\040\000b\000-\000T\000a\000g\000g\000i\000n\000g}{appendix.B}% 64
\BOOKMARK [1][-]{section.B.6}{\376\377\000H\000P\000O\000\040\000r\000e\000s\000u\000l\000t\000s\000\040\000f\000o\000r\000\040\0004\000-\000j\000e\000t\000\040\000b\000-\000T\000a\000g\000g\000i\000n\000g}{appendix.B}% 65
\BOOKMARK [1][-]{section.B.7}{\376\377\000b\000-\000T\000a\000g\000\040\000S\000c\000o\000r\000e\000s\000\040\000i\000n\000\040\0003\000-\000J\000e\000t\000\040\000E\000v\000e\000n\000t\000s}{appendix.B}% 66
\BOOKMARK [1][-]{section.B.8}{\376\377\000b\000-\000T\000a\000g\000\040\000S\000c\000o\000r\000e\000s\000\040\000i\000n\000\040\0004\000-\000J\000e\000t\000\040\000E\000v\000e\000n\000t\000s}{appendix.B}% 67
\BOOKMARK [1][-]{section.B.9}{\376\377\000R\000O\000C\000\040\000c\000u\000r\000v\000e\000\040\000f\000o\000r\000\040\0003\000-\000j\000e\000t\000\040\000b\000-\000t\000a\000g\000g\000i\000n\000g}{appendix.B}% 68
\BOOKMARK [1][-]{section.B.10}{\376\377\000R\000O\000C\000\040\000c\000u\000r\000v\000e\000\040\000f\000o\000r\000\040\0004\000-\000j\000e\000t\000\040\000b\000-\000t\000a\000g\000g\000i\000n\000g}{appendix.B}% 69
\BOOKMARK [1][-]{section.B.11}{\376\377\000D\000i\000s\000t\000r\000i\000b\000u\000t\000i\000o\000n\000\040\000o\000f\000\040\000b\000-\000T\000a\000g\000s\000\040\000i\000n\000\040\0003\000-\000J\000e\000t\000\040\000E\000v\000e\000n\000t\000s}{appendix.B}% 70
\BOOKMARK [1][-]{section.B.12}{\376\377\000D\000i\000s\000t\000r\000i\000b\000u\000t\000i\000o\000n\000\040\000o\000f\000\040\000b\000-\000T\000a\000g\000s\000\040\000i\000n\000\040\0004\000-\000J\000e\000t\000\040\000E\000v\000e\000n\000t\000s}{appendix.B}% 71
\BOOKMARK [1][-]{section.B.13}{\376\377\000G\000l\000o\000b\000a\000l\000\040\000F\000e\000a\000t\000u\000r\000e\000\040\000I\000m\000p\000o\000r\000t\000a\000n\000c\000e\000s\000\040\000f\000o\000r\000\040\000t\000h\000e\000\040\000L\000G\000B\000\040\000b\000-\000T\000a\000g\000g\000i\000n\000g\000\040\000A\000l\000g\000o\000r\000i\000t\000h\000m\000\040\000o\000n\000\040\0003\000-\000J\000e\000t\000\040\000E\000v\000e\000n\000t\000s}{appendix.B}% 72
\BOOKMARK [1][-]{section.B.14}{\376\377\000G\000l\000o\000b\000a\000l\000\040\000F\000e\000a\000t\000u\000r\000e\000\040\000I\000m\000p\000o\000r\000t\000a\000n\000c\000e\000s\000\040\000f\000o\000r\000\040\000t\000h\000e\000\040\000L\000G\000B\000\040\000b\000-\000T\000a\000g\000g\000i\000n\000g\000\040\000A\000l\000g\000o\000r\000i\000t\000h\000m\000\040\000o\000n\000\040\0004\000-\000J\000e\000t\000\040\000E\000v\000e\000n\000t\000s}{appendix.B}% 73
\BOOKMARK [1][-]{section.B.15}{\376\377\000P\000a\000r\000a\000l\000l\000e\000l\000\040\000C\000o\000o\000r\000d\000i\000n\000a\000t\000e\000\040\000P\000l\000o\000t\000\040\000o\000f\000\040\000H\000P\000O\000\040\000R\000e\000s\000u\000l\000t\000s\000\040\000f\000o\000r\000\040\0003\000-\000J\000e\000t\000\040\000g\000-\000T\000a\000g\000g\000i\000n\000g\000\040\000f\000o\000r\000\040\000E\000n\000e\000r\000g\000y\000\040\000O\000r\000d\000e\000r\000e\000d\000\040\000J\000e\000t\000s}{appendix.B}% 74
\BOOKMARK [1][-]{section.B.16}{\376\377\000P\000a\000r\000a\000l\000l\000e\000l\000\040\000C\000o\000o\000r\000d\000i\000n\000a\000t\000e\000\040\000P\000l\000o\000t\000\040\000o\000f\000\040\000H\000P\000O\000\040\000R\000e\000s\000u\000l\000t\000s\000\040\000f\000o\000r\000\040\0003\000-\000J\000e\000t\000\040\000g\000-\000T\000a\000g\000g\000i\000n\000g\000\040\000f\000o\000r\000\040\000S\000h\000u\000f\000f\000l\000e\000d\000\040\000J\000e\000t\000s}{appendix.B}% 75
\BOOKMARK [1][-]{section.B.17}{\376\377\000P\000a\000r\000a\000l\000l\000e\000l\000\040\000C\000o\000o\000r\000d\000i\000n\000a\000t\000e\000\040\000P\000l\000o\000t\000\040\000o\000f\000\040\000H\000P\000O\000\040\000R\000e\000s\000u\000l\000t\000s\000\040\000f\000o\000r\000\040\0004\000-\000J\000e\000t\000\040\000g\000-\000T\000a\000g\000g\000i\000n\000g\000\040\000f\000o\000r\000\040\000E\000n\000e\000r\000g\000y\000\040\000O\000r\000d\000e\000r\000e\000d\000\040\000J\000e\000t\000s}{appendix.B}% 76
\BOOKMARK [1][-]{section.B.18}{\376\377\000P\000a\000r\000a\000l\000l\000e\000l\000\040\000C\000o\000o\000r\000d\000i\000n\000a\000t\000e\000\040\000P\000l\000o\000t\000\040\000o\000f\000\040\000H\000P\000O\000\040\000R\000e\000s\000u\000l\000t\000s\000\040\000f\000o\000r\000\040\0004\000-\000J\000e\000t\000\040\000g\000-\000T\000a\000g\000g\000i\000n\000g\000\040\000f\000o\000r\000\040\000S\000h\000u\000f\000f\000l\000e\000d\000\040\000J\000e\000t\000s}{appendix.B}% 77
\BOOKMARK [1][-]{section.B.19}{\376\377\000P\000e\000r\000m\000N\000e\000t\000\040\000A\000r\000c\000h\000i\000t\000e\000c\000t\000u\000r\000e}{appendix.B}% 78
\BOOKMARK [0][-]{appendix*.6}{\376\377\000L\000i\000s\000t\000\040\000o\000f\000\040\000F\000i\000g\000u\000r\000e\000s}{chapter*.5}% 79
\BOOKMARK [0][-]{appendix*.7}{\376\377\000L\000i\000s\000t\000\040\000o\000f\000\040\000T\000a\000b\000l\000e\000s}{chapter*.5}% 80
\BOOKMARK [0][-]{section*.8}{\376\377\000B\000i\000b\000l\000i\000o\000g\000r\000a\000p\000h\000y}{chapter*.5}% 81
